<?xml version="1.0" encoding="UTF-8" ?>
<testsuite tests="9" failures="0" name="com.s91291682.CPEN431.A6.server.ServerTest" time="0.298" errors="0" skipped="0">
  <properties>
[...]
</properties>
  <testcase classname="com.s91291682.CPEN431.A6.server.ServerTest" name="testGet" time="0.252"/>
  <testcase classname="com.s91291682.CPEN431.A6.server.ServerTest" name="testPut" time="0.002"/>
  <testcase classname="com.s91291682.CPEN431.A6.server.ServerTest" name="testPutVersion" time="0.01"/>
  <testcase classname="com.s91291682.CPEN431.A6.server.ServerTest" name="testGetMembershipCount" time="0.001"/>
  <testcase classname="com.s91291682.CPEN431.A6.server.ServerTest" name="testGetVersion" time="0.005"/>
  <testcase classname="com.s91291682.CPEN431.A6.server.ServerTest" name="testWipeout" time="0.007"/>
  <testcase classname="com.s91291682.CPEN431.A6.server.ServerTest" name="testGetPid" time="0.006"/>
  <testcase classname="com.s91291682.CPEN431.A6.server.ServerTest" name="testIsAlive" time="0.003"/>
  <testcase classname="com.s91291682.CPEN431.A6.server.ServerTest" name="testRemove" time="0.012"/>
</testsuite>